[2016-08-12 12:01 UTC] Error: INSERT INTO freedirectconnections (userId, date, isUsed) VALUES (, '2016-08-12', 1) : You have an error in your SQL syntax; check the manual that corresponds to your MySQL server version for the right syntax to use near ' '2016-08-12', 1)' at line 1
[2016-08-23 06:22 UTC] Error: INSERT INTO freedirectconnections (userId, date, isUsed) VALUES (, '2016-08-23', 1) : You have an error in your SQL syntax; check the manual that corresponds to your MySQL server version for the right syntax to use near ' '2016-08-23', 1)' at line 1
[2016-08-23 06:22 UTC] Error: INSERT INTO freedirectconnections (userId, date, isUsed) VALUES (, '2016-08-23', 1) : You have an error in your SQL syntax; check the manual that corresponds to your MySQL server version for the right syntax to use near ' '2016-08-23', 1)' at line 1
[2016-08-23 06:22 UTC] Error: INSERT INTO freedirectconnections (userId, date, isUsed) VALUES (, '2016-08-23', 1) : You have an error in your SQL syntax; check the manual that corresponds to your MySQL server version for the right syntax to use near ' '2016-08-23', 1)' at line 1
[2016-08-23 06:39 UTC] Error: INSERT INTO freedirectconnections (userId, date, isUsed) VALUES (, '2016-08-23', 1) : You have an error in your SQL syntax; check the manual that corresponds to your MySQL server version for the right syntax to use near ' '2016-08-23', 1)' at line 1
[2016-08-23 06:39 UTC] Error: INSERT INTO freedirectconnections (userId, date, isUsed) VALUES (, '2016-08-23', 1) : You have an error in your SQL syntax; check the manual that corresponds to your MySQL server version for the right syntax to use near ' '2016-08-23', 1)' at line 1
[2016-08-23 06:39 UTC] Error: INSERT INTO freedirectconnections (userId, date, isUsed) VALUES (, '2016-08-23', 1) : You have an error in your SQL syntax; check the manual that corresponds to your MySQL server version for the right syntax to use near ' '2016-08-23', 1)' at line 1
[2016-08-23 06:39 UTC] Error: INSERT INTO freedirectconnections (userId, date, isUsed) VALUES (, '2016-08-23', 1) : You have an error in your SQL syntax; check the manual that corresponds to your MySQL server version for the right syntax to use near ' '2016-08-23', 1)' at line 1
[2016-08-23 06:39 UTC] Error: INSERT INTO freedirectconnections (userId, date, isUsed) VALUES (, '2016-08-23', 1) : You have an error in your SQL syntax; check the manual that corresponds to your MySQL server version for the right syntax to use near ' '2016-08-23', 1)' at line 1
[2016-08-23 06:39 UTC] Error: INSERT INTO freedirectconnections (userId, date, isUsed) VALUES (, '2016-08-23', 1) : You have an error in your SQL syntax; check the manual that corresponds to your MySQL server version for the right syntax to use near ' '2016-08-23', 1)' at line 1
[2016-08-23 06:39 UTC] Error: INSERT INTO freedirectconnections (userId, date, isUsed) VALUES (, '2016-08-23', 1) : You have an error in your SQL syntax; check the manual that corresponds to your MySQL server version for the right syntax to use near ' '2016-08-23', 1)' at line 1
[2016-08-23 06:39 UTC] Error: INSERT INTO freedirectconnections (userId, date, isUsed) VALUES (, '2016-08-23', 1) : You have an error in your SQL syntax; check the manual that corresponds to your MySQL server version for the right syntax to use near ' '2016-08-23', 1)' at line 1
[2016-08-23 06:39 UTC] Error: INSERT INTO freedirectconnections (userId, date, isUsed) VALUES (, '2016-08-23', 1) : You have an error in your SQL syntax; check the manual that corresponds to your MySQL server version for the right syntax to use near ' '2016-08-23', 1)' at line 1
[2016-08-23 06:39 UTC] Error: INSERT INTO freedirectconnections (userId, date, isUsed) VALUES (, '2016-08-23', 1) : You have an error in your SQL syntax; check the manual that corresponds to your MySQL server version for the right syntax to use near ' '2016-08-23', 1)' at line 1
[2016-08-23 06:40 UTC] Error: INSERT INTO freedirectconnections (userId, date, isUsed) VALUES (, '2016-08-23', 1) : You have an error in your SQL syntax; check the manual that corresponds to your MySQL server version for the right syntax to use near ' '2016-08-23', 1)' at line 1
[2016-08-23 06:40 UTC] Error: INSERT INTO freedirectconnections (userId, date, isUsed) VALUES (, '2016-08-23', 1) : You have an error in your SQL syntax; check the manual that corresponds to your MySQL server version for the right syntax to use near ' '2016-08-23', 1)' at line 1
[2016-08-23 06:40 UTC] Error: INSERT INTO freedirectconnections (userId, date, isUsed) VALUES (, '2016-08-23', 1) : You have an error in your SQL syntax; check the manual that corresponds to your MySQL server version for the right syntax to use near ' '2016-08-23', 1)' at line 1
[2016-08-23 06:40 UTC] Error: INSERT INTO freedirectconnections (userId, date, isUsed) VALUES (, '2016-08-23', 1) : You have an error in your SQL syntax; check the manual that corresponds to your MySQL server version for the right syntax to use near ' '2016-08-23', 1)' at line 1
[2016-08-23 06:40 UTC] Error: INSERT INTO freedirectconnections (userId, date, isUsed) VALUES (, '2016-08-23', 1) : You have an error in your SQL syntax; check the manual that corresponds to your MySQL server version for the right syntax to use near ' '2016-08-23', 1)' at line 1
[2016-08-23 06:40 UTC] Error: INSERT INTO freedirectconnections (userId, date, isUsed) VALUES (, '2016-08-23', 1) : You have an error in your SQL syntax; check the manual that corresponds to your MySQL server version for the right syntax to use near ' '2016-08-23', 1)' at line 1
[2016-08-23 06:40 UTC] Error: INSERT INTO freedirectconnections (userId, date, isUsed) VALUES (, '2016-08-23', 1) : You have an error in your SQL syntax; check the manual that corresponds to your MySQL server version for the right syntax to use near ' '2016-08-23', 1)' at line 1
[2016-08-23 06:40 UTC] Error: INSERT INTO freedirectconnections (userId, date, isUsed) VALUES (, '2016-08-23', 1) : You have an error in your SQL syntax; check the manual that corresponds to your MySQL server version for the right syntax to use near ' '2016-08-23', 1)' at line 1
[2016-08-23 06:40 UTC] Error: INSERT INTO freedirectconnections (userId, date, isUsed) VALUES (, '2016-08-23', 1) : You have an error in your SQL syntax; check the manual that corresponds to your MySQL server version for the right syntax to use near ' '2016-08-23', 1)' at line 1
[2016-08-23 06:40 UTC] Error: INSERT INTO freedirectconnections (userId, date, isUsed) VALUES (, '2016-08-23', 1) : You have an error in your SQL syntax; check the manual that corresponds to your MySQL server version for the right syntax to use near ' '2016-08-23', 1)' at line 1
[2016-08-23 06:40 UTC] Error: INSERT INTO freedirectconnections (userId, date, isUsed) VALUES (, '2016-08-23', 1) : You have an error in your SQL syntax; check the manual that corresponds to your MySQL server version for the right syntax to use near ' '2016-08-23', 1)' at line 1
[2016-08-23 06:40 UTC] Error: INSERT INTO freedirectconnections (userId, date, isUsed) VALUES (, '2016-08-23', 1) : You have an error in your SQL syntax; check the manual that corresponds to your MySQL server version for the right syntax to use near ' '2016-08-23', 1)' at line 1
[2016-08-23 06:40 UTC] Error: INSERT INTO freedirectconnections (userId, date, isUsed) VALUES (, '2016-08-23', 1) : You have an error in your SQL syntax; check the manual that corresponds to your MySQL server version for the right syntax to use near ' '2016-08-23', 1)' at line 1
[2016-08-23 06:40 UTC] Error: INSERT INTO freedirectconnections (userId, date, isUsed) VALUES (, '2016-08-23', 1) : You have an error in your SQL syntax; check the manual that corresponds to your MySQL server version for the right syntax to use near ' '2016-08-23', 1)' at line 1
[2016-08-23 06:40 UTC] Error: INSERT INTO freedirectconnections (userId, date, isUsed) VALUES (, '2016-08-23', 1) : You have an error in your SQL syntax; check the manual that corresponds to your MySQL server version for the right syntax to use near ' '2016-08-23', 1)' at line 1
[2016-08-23 06:40 UTC] Error: INSERT INTO freedirectconnections (userId, date, isUsed) VALUES (, '2016-08-23', 1) : You have an error in your SQL syntax; check the manual that corresponds to your MySQL server version for the right syntax to use near ' '2016-08-23', 1)' at line 1
[2016-08-23 06:40 UTC] Error: INSERT INTO freedirectconnections (userId, date, isUsed) VALUES (, '2016-08-23', 1) : You have an error in your SQL syntax; check the manual that corresponds to your MySQL server version for the right syntax to use near ' '2016-08-23', 1)' at line 1
[2016-08-23 06:40 UTC] Error: INSERT INTO freedirectconnections (userId, date, isUsed) VALUES (, '2016-08-23', 1) : You have an error in your SQL syntax; check the manual that corresponds to your MySQL server version for the right syntax to use near ' '2016-08-23', 1)' at line 1
[2016-08-23 06:40 UTC] Error: INSERT INTO freedirectconnections (userId, date, isUsed) VALUES (, '2016-08-23', 1) : You have an error in your SQL syntax; check the manual that corresponds to your MySQL server version for the right syntax to use near ' '2016-08-23', 1)' at line 1
[2016-08-23 06:40 UTC] Error: INSERT INTO freedirectconnections (userId, date, isUsed) VALUES (, '2016-08-23', 1) : You have an error in your SQL syntax; check the manual that corresponds to your MySQL server version for the right syntax to use near ' '2016-08-23', 1)' at line 1
[2016-08-23 06:40 UTC] Error: INSERT INTO freedirectconnections (userId, date, isUsed) VALUES (, '2016-08-23', 1) : You have an error in your SQL syntax; check the manual that corresponds to your MySQL server version for the right syntax to use near ' '2016-08-23', 1)' at line 1
[2016-08-23 06:40 UTC] Error: INSERT INTO freedirectconnections (userId, date, isUsed) VALUES (, '2016-08-23', 1) : You have an error in your SQL syntax; check the manual that corresponds to your MySQL server version for the right syntax to use near ' '2016-08-23', 1)' at line 1
[2016-08-23 06:40 UTC] Error: INSERT INTO freedirectconnections (userId, date, isUsed) VALUES (, '2016-08-23', 1) : You have an error in your SQL syntax; check the manual that corresponds to your MySQL server version for the right syntax to use near ' '2016-08-23', 1)' at line 1
[2016-08-23 06:40 UTC] Error: INSERT INTO freedirectconnections (userId, date, isUsed) VALUES (, '2016-08-23', 1) : You have an error in your SQL syntax; check the manual that corresponds to your MySQL server version for the right syntax to use near ' '2016-08-23', 1)' at line 1
[2016-08-23 06:40 UTC] Error: INSERT INTO freedirectconnections (userId, date, isUsed) VALUES (, '2016-08-23', 1) : You have an error in your SQL syntax; check the manual that corresponds to your MySQL server version for the right syntax to use near ' '2016-08-23', 1)' at line 1
[2016-08-23 06:40 UTC] Error: INSERT INTO freedirectconnections (userId, date, isUsed) VALUES (, '2016-08-23', 1) : You have an error in your SQL syntax; check the manual that corresponds to your MySQL server version for the right syntax to use near ' '2016-08-23', 1)' at line 1
[2016-08-23 06:40 UTC] Error: INSERT INTO freedirectconnections (userId, date, isUsed) VALUES (, '2016-08-23', 1) : You have an error in your SQL syntax; check the manual that corresponds to your MySQL server version for the right syntax to use near ' '2016-08-23', 1)' at line 1
[2016-08-23 06:40 UTC] Error: INSERT INTO freedirectconnections (userId, date, isUsed) VALUES (, '2016-08-23', 1) : You have an error in your SQL syntax; check the manual that corresponds to your MySQL server version for the right syntax to use near ' '2016-08-23', 1)' at line 1
[2016-08-23 06:40 UTC] Error: INSERT INTO freedirectconnections (userId, date, isUsed) VALUES (, '2016-08-23', 1) : You have an error in your SQL syntax; check the manual that corresponds to your MySQL server version for the right syntax to use near ' '2016-08-23', 1)' at line 1
[2016-08-23 06:40 UTC] Error: INSERT INTO freedirectconnections (userId, date, isUsed) VALUES (, '2016-08-23', 1) : You have an error in your SQL syntax; check the manual that corresponds to your MySQL server version for the right syntax to use near ' '2016-08-23', 1)' at line 1
[2016-08-23 06:40 UTC] Error: INSERT INTO freedirectconnections (userId, date, isUsed) VALUES (, '2016-08-23', 1) : You have an error in your SQL syntax; check the manual that corresponds to your MySQL server version for the right syntax to use near ' '2016-08-23', 1)' at line 1
[2016-08-23 06:40 UTC] Error: INSERT INTO freedirectconnections (userId, date, isUsed) VALUES (, '2016-08-23', 1) : You have an error in your SQL syntax; check the manual that corresponds to your MySQL server version for the right syntax to use near ' '2016-08-23', 1)' at line 1
[2016-08-23 06:40 UTC] Error: INSERT INTO freedirectconnections (userId, date, isUsed) VALUES (, '2016-08-23', 1) : You have an error in your SQL syntax; check the manual that corresponds to your MySQL server version for the right syntax to use near ' '2016-08-23', 1)' at line 1
[2016-08-23 06:40 UTC] Error: INSERT INTO freedirectconnections (userId, date, isUsed) VALUES (, '2016-08-23', 1) : You have an error in your SQL syntax; check the manual that corresponds to your MySQL server version for the right syntax to use near ' '2016-08-23', 1)' at line 1
[2016-08-23 06:40 UTC] Error: INSERT INTO freedirectconnections (userId, date, isUsed) VALUES (, '2016-08-23', 1) : You have an error in your SQL syntax; check the manual that corresponds to your MySQL server version for the right syntax to use near ' '2016-08-23', 1)' at line 1
[2016-08-23 06:40 UTC] Error: INSERT INTO freedirectconnections (userId, date, isUsed) VALUES (, '2016-08-23', 1) : You have an error in your SQL syntax; check the manual that corresponds to your MySQL server version for the right syntax to use near ' '2016-08-23', 1)' at line 1
[2016-08-23 06:40 UTC] Error: INSERT INTO freedirectconnections (userId, date, isUsed) VALUES (, '2016-08-23', 1) : You have an error in your SQL syntax; check the manual that corresponds to your MySQL server version for the right syntax to use near ' '2016-08-23', 1)' at line 1
[2016-08-23 06:40 UTC] Error: INSERT INTO freedirectconnections (userId, date, isUsed) VALUES (, '2016-08-23', 1) : You have an error in your SQL syntax; check the manual that corresponds to your MySQL server version for the right syntax to use near ' '2016-08-23', 1)' at line 1
[2016-08-23 06:40 UTC] Error: INSERT INTO freedirectconnections (userId, date, isUsed) VALUES (, '2016-08-23', 1) : You have an error in your SQL syntax; check the manual that corresponds to your MySQL server version for the right syntax to use near ' '2016-08-23', 1)' at line 1
[2016-08-23 06:40 UTC] Error: INSERT INTO freedirectconnections (userId, date, isUsed) VALUES (, '2016-08-23', 1) : You have an error in your SQL syntax; check the manual that corresponds to your MySQL server version for the right syntax to use near ' '2016-08-23', 1)' at line 1
[2016-08-23 06:40 UTC] Error: INSERT INTO freedirectconnections (userId, date, isUsed) VALUES (, '2016-08-23', 1) : You have an error in your SQL syntax; check the manual that corresponds to your MySQL server version for the right syntax to use near ' '2016-08-23', 1)' at line 1
[2016-08-23 06:40 UTC] Error: INSERT INTO freedirectconnections (userId, date, isUsed) VALUES (, '2016-08-23', 1) : You have an error in your SQL syntax; check the manual that corresponds to your MySQL server version for the right syntax to use near ' '2016-08-23', 1)' at line 1
[2016-08-23 06:40 UTC] Error: INSERT INTO freedirectconnections (userId, date, isUsed) VALUES (, '2016-08-23', 1) : You have an error in your SQL syntax; check the manual that corresponds to your MySQL server version for the right syntax to use near ' '2016-08-23', 1)' at line 1
[2016-08-23 06:40 UTC] Error: INSERT INTO freedirectconnections (userId, date, isUsed) VALUES (, '2016-08-23', 1) : You have an error in your SQL syntax; check the manual that corresponds to your MySQL server version for the right syntax to use near ' '2016-08-23', 1)' at line 1
[2016-08-23 06:40 UTC] Error: INSERT INTO freedirectconnections (userId, date, isUsed) VALUES (, '2016-08-23', 1) : You have an error in your SQL syntax; check the manual that corresponds to your MySQL server version for the right syntax to use near ' '2016-08-23', 1)' at line 1
[2016-08-23 06:40 UTC] Error: INSERT INTO freedirectconnections (userId, date, isUsed) VALUES (, '2016-08-23', 1) : You have an error in your SQL syntax; check the manual that corresponds to your MySQL server version for the right syntax to use near ' '2016-08-23', 1)' at line 1
[2016-08-23 06:40 UTC] Error: INSERT INTO freedirectconnections (userId, date, isUsed) VALUES (, '2016-08-23', 1) : You have an error in your SQL syntax; check the manual that corresponds to your MySQL server version for the right syntax to use near ' '2016-08-23', 1)' at line 1
[2016-08-23 06:40 UTC] Error: INSERT INTO freedirectconnections (userId, date, isUsed) VALUES (, '2016-08-23', 1) : You have an error in your SQL syntax; check the manual that corresponds to your MySQL server version for the right syntax to use near ' '2016-08-23', 1)' at line 1
[2016-08-23 06:40 UTC] Error: INSERT INTO freedirectconnections (userId, date, isUsed) VALUES (, '2016-08-23', 1) : You have an error in your SQL syntax; check the manual that corresponds to your MySQL server version for the right syntax to use near ' '2016-08-23', 1)' at line 1
[2016-08-23 06:40 UTC] Error: INSERT INTO freedirectconnections (userId, date, isUsed) VALUES (, '2016-08-23', 1) : You have an error in your SQL syntax; check the manual that corresponds to your MySQL server version for the right syntax to use near ' '2016-08-23', 1)' at line 1
[2016-08-23 06:40 UTC] Error: INSERT INTO freedirectconnections (userId, date, isUsed) VALUES (, '2016-08-23', 1) : You have an error in your SQL syntax; check the manual that corresponds to your MySQL server version for the right syntax to use near ' '2016-08-23', 1)' at line 1
[2016-08-23 06:40 UTC] Error: INSERT INTO freedirectconnections (userId, date, isUsed) VALUES (, '2016-08-23', 1) : You have an error in your SQL syntax; check the manual that corresponds to your MySQL server version for the right syntax to use near ' '2016-08-23', 1)' at line 1
[2016-08-23 06:40 UTC] Error: INSERT INTO freedirectconnections (userId, date, isUsed) VALUES (, '2016-08-23', 1) : You have an error in your SQL syntax; check the manual that corresponds to your MySQL server version for the right syntax to use near ' '2016-08-23', 1)' at line 1
[2016-08-23 06:40 UTC] Error: INSERT INTO freedirectconnections (userId, date, isUsed) VALUES (, '2016-08-23', 1) : You have an error in your SQL syntax; check the manual that corresponds to your MySQL server version for the right syntax to use near ' '2016-08-23', 1)' at line 1
[2016-08-23 06:40 UTC] Error: INSERT INTO freedirectconnections (userId, date, isUsed) VALUES (, '2016-08-23', 1) : You have an error in your SQL syntax; check the manual that corresponds to your MySQL server version for the right syntax to use near ' '2016-08-23', 1)' at line 1
[2016-08-23 06:40 UTC] Error: INSERT INTO freedirectconnections (userId, date, isUsed) VALUES (, '2016-08-23', 1) : You have an error in your SQL syntax; check the manual that corresponds to your MySQL server version for the right syntax to use near ' '2016-08-23', 1)' at line 1
[2016-08-23 06:40 UTC] Error: INSERT INTO freedirectconnections (userId, date, isUsed) VALUES (, '2016-08-23', 1) : You have an error in your SQL syntax; check the manual that corresponds to your MySQL server version for the right syntax to use near ' '2016-08-23', 1)' at line 1
[2016-08-23 06:40 UTC] Error: INSERT INTO freedirectconnections (userId, date, isUsed) VALUES (, '2016-08-23', 1) : You have an error in your SQL syntax; check the manual that corresponds to your MySQL server version for the right syntax to use near ' '2016-08-23', 1)' at line 1
[2016-08-23 06:40 UTC] Error: INSERT INTO freedirectconnections (userId, date, isUsed) VALUES (, '2016-08-23', 1) : You have an error in your SQL syntax; check the manual that corresponds to your MySQL server version for the right syntax to use near ' '2016-08-23', 1)' at line 1
[2016-08-23 06:40 UTC] Error: INSERT INTO freedirectconnections (userId, date, isUsed) VALUES (, '2016-08-23', 1) : You have an error in your SQL syntax; check the manual that corresponds to your MySQL server version for the right syntax to use near ' '2016-08-23', 1)' at line 1
[2016-08-23 06:40 UTC] Error: INSERT INTO freedirectconnections (userId, date, isUsed) VALUES (, '2016-08-23', 1) : You have an error in your SQL syntax; check the manual that corresponds to your MySQL server version for the right syntax to use near ' '2016-08-23', 1)' at line 1
[2016-08-23 06:40 UTC] Error: INSERT INTO freedirectconnections (userId, date, isUsed) VALUES (, '2016-08-23', 1) : You have an error in your SQL syntax; check the manual that corresponds to your MySQL server version for the right syntax to use near ' '2016-08-23', 1)' at line 1
[2016-08-23 06:40 UTC] Error: INSERT INTO freedirectconnections (userId, date, isUsed) VALUES (, '2016-08-23', 1) : You have an error in your SQL syntax; check the manual that corresponds to your MySQL server version for the right syntax to use near ' '2016-08-23', 1)' at line 1
[2016-08-23 06:40 UTC] Error: INSERT INTO freedirectconnections (userId, date, isUsed) VALUES (, '2016-08-23', 1) : You have an error in your SQL syntax; check the manual that corresponds to your MySQL server version for the right syntax to use near ' '2016-08-23', 1)' at line 1
[2016-08-23 06:40 UTC] Error: INSERT INTO freedirectconnections (userId, date, isUsed) VALUES (, '2016-08-23', 1) : You have an error in your SQL syntax; check the manual that corresponds to your MySQL server version for the right syntax to use near ' '2016-08-23', 1)' at line 1
[2016-08-23 06:40 UTC] Error: INSERT INTO freedirectconnections (userId, date, isUsed) VALUES (, '2016-08-23', 1) : You have an error in your SQL syntax; check the manual that corresponds to your MySQL server version for the right syntax to use near ' '2016-08-23', 1)' at line 1
[2016-08-23 06:40 UTC] Error: INSERT INTO freedirectconnections (userId, date, isUsed) VALUES (, '2016-08-23', 1) : You have an error in your SQL syntax; check the manual that corresponds to your MySQL server version for the right syntax to use near ' '2016-08-23', 1)' at line 1
[2016-08-23 06:40 UTC] Error: INSERT INTO freedirectconnections (userId, date, isUsed) VALUES (, '2016-08-23', 1) : You have an error in your SQL syntax; check the manual that corresponds to your MySQL server version for the right syntax to use near ' '2016-08-23', 1)' at line 1
[2016-08-23 06:40 UTC] Error: INSERT INTO freedirectconnections (userId, date, isUsed) VALUES (, '2016-08-23', 1) : You have an error in your SQL syntax; check the manual that corresponds to your MySQL server version for the right syntax to use near ' '2016-08-23', 1)' at line 1
[2016-08-23 06:40 UTC] Error: INSERT INTO freedirectconnections (userId, date, isUsed) VALUES (, '2016-08-23', 1) : You have an error in your SQL syntax; check the manual that corresponds to your MySQL server version for the right syntax to use near ' '2016-08-23', 1)' at line 1
[2016-08-23 06:40 UTC] Error: INSERT INTO freedirectconnections (userId, date, isUsed) VALUES (, '2016-08-23', 1) : You have an error in your SQL syntax; check the manual that corresponds to your MySQL server version for the right syntax to use near ' '2016-08-23', 1)' at line 1
[2016-08-23 06:40 UTC] Error: INSERT INTO freedirectconnections (userId, date, isUsed) VALUES (, '2016-08-23', 1) : You have an error in your SQL syntax; check the manual that corresponds to your MySQL server version for the right syntax to use near ' '2016-08-23', 1)' at line 1
[2016-08-23 06:40 UTC] Error: INSERT INTO freedirectconnections (userId, date, isUsed) VALUES (, '2016-08-23', 1) : You have an error in your SQL syntax; check the manual that corresponds to your MySQL server version for the right syntax to use near ' '2016-08-23', 1)' at line 1
[2016-08-23 06:40 UTC] Error: INSERT INTO freedirectconnections (userId, date, isUsed) VALUES (, '2016-08-23', 1) : You have an error in your SQL syntax; check the manual that corresponds to your MySQL server version for the right syntax to use near ' '2016-08-23', 1)' at line 1
[2016-08-23 06:40 UTC] Error: INSERT INTO freedirectconnections (userId, date, isUsed) VALUES (, '2016-08-23', 1) : You have an error in your SQL syntax; check the manual that corresponds to your MySQL server version for the right syntax to use near ' '2016-08-23', 1)' at line 1
[2016-08-23 06:40 UTC] Error: INSERT INTO freedirectconnections (userId, date, isUsed) VALUES (, '2016-08-23', 1) : You have an error in your SQL syntax; check the manual that corresponds to your MySQL server version for the right syntax to use near ' '2016-08-23', 1)' at line 1
[2016-08-23 06:40 UTC] Error: INSERT INTO freedirectconnections (userId, date, isUsed) VALUES (, '2016-08-23', 1) : You have an error in your SQL syntax; check the manual that corresponds to your MySQL server version for the right syntax to use near ' '2016-08-23', 1)' at line 1
[2016-08-23 06:40 UTC] Error: INSERT INTO freedirectconnections (userId, date, isUsed) VALUES (, '2016-08-23', 1) : You have an error in your SQL syntax; check the manual that corresponds to your MySQL server version for the right syntax to use near ' '2016-08-23', 1)' at line 1
[2016-08-23 06:40 UTC] Error: INSERT INTO freedirectconnections (userId, date, isUsed) VALUES (, '2016-08-23', 1) : You have an error in your SQL syntax; check the manual that corresponds to your MySQL server version for the right syntax to use near ' '2016-08-23', 1)' at line 1
[2016-08-23 06:40 UTC] Error: INSERT INTO freedirectconnections (userId, date, isUsed) VALUES (, '2016-08-23', 1) : You have an error in your SQL syntax; check the manual that corresponds to your MySQL server version for the right syntax to use near ' '2016-08-23', 1)' at line 1
[2016-08-23 06:40 UTC] Error: INSERT INTO freedirectconnections (userId, date, isUsed) VALUES (, '2016-08-23', 1) : You have an error in your SQL syntax; check the manual that corresponds to your MySQL server version for the right syntax to use near ' '2016-08-23', 1)' at line 1
[2016-08-23 06:40 UTC] Error: INSERT INTO freedirectconnections (userId, date, isUsed) VALUES (, '2016-08-23', 1) : You have an error in your SQL syntax; check the manual that corresponds to your MySQL server version for the right syntax to use near ' '2016-08-23', 1)' at line 1
[2016-08-23 06:40 UTC] Error: INSERT INTO freedirectconnections (userId, date, isUsed) VALUES (, '2016-08-23', 1) : You have an error in your SQL syntax; check the manual that corresponds to your MySQL server version for the right syntax to use near ' '2016-08-23', 1)' at line 1
[2016-08-23 06:40 UTC] Error: INSERT INTO freedirectconnections (userId, date, isUsed) VALUES (, '2016-08-23', 1) : You have an error in your SQL syntax; check the manual that corresponds to your MySQL server version for the right syntax to use near ' '2016-08-23', 1)' at line 1
[2016-08-23 06:40 UTC] Error: INSERT INTO freedirectconnections (userId, date, isUsed) VALUES (, '2016-08-23', 1) : You have an error in your SQL syntax; check the manual that corresponds to your MySQL server version for the right syntax to use near ' '2016-08-23', 1)' at line 1
[2016-08-23 06:40 UTC] Error: INSERT INTO freedirectconnections (userId, date, isUsed) VALUES (, '2016-08-23', 1) : You have an error in your SQL syntax; check the manual that corresponds to your MySQL server version for the right syntax to use near ' '2016-08-23', 1)' at line 1
[2016-08-23 06:40 UTC] Error: INSERT INTO freedirectconnections (userId, date, isUsed) VALUES (, '2016-08-23', 1) : You have an error in your SQL syntax; check the manual that corresponds to your MySQL server version for the right syntax to use near ' '2016-08-23', 1)' at line 1
[2016-08-23 06:40 UTC] Error: INSERT INTO freedirectconnections (userId, date, isUsed) VALUES (, '2016-08-23', 1) : You have an error in your SQL syntax; check the manual that corresponds to your MySQL server version for the right syntax to use near ' '2016-08-23', 1)' at line 1
[2016-08-23 06:40 UTC] Error: INSERT INTO freedirectconnections (userId, date, isUsed) VALUES (, '2016-08-23', 1) : You have an error in your SQL syntax; check the manual that corresponds to your MySQL server version for the right syntax to use near ' '2016-08-23', 1)' at line 1
[2016-08-23 06:40 UTC] Error: INSERT INTO freedirectconnections (userId, date, isUsed) VALUES (, '2016-08-23', 1) : You have an error in your SQL syntax; check the manual that corresponds to your MySQL server version for the right syntax to use near ' '2016-08-23', 1)' at line 1
[2016-08-23 06:40 UTC] Error: INSERT INTO freedirectconnections (userId, date, isUsed) VALUES (, '2016-08-23', 1) : You have an error in your SQL syntax; check the manual that corresponds to your MySQL server version for the right syntax to use near ' '2016-08-23', 1)' at line 1
[2016-08-23 06:40 UTC] Error: INSERT INTO freedirectconnections (userId, date, isUsed) VALUES (, '2016-08-23', 1) : You have an error in your SQL syntax; check the manual that corresponds to your MySQL server version for the right syntax to use near ' '2016-08-23', 1)' at line 1
[2016-08-23 10:51 UTC] Error: INSERT INTO freedirectconnections (userId, date, isUsed) VALUES (, '2016-08-23', 1) : You have an error in your SQL syntax; check the manual that corresponds to your MySQL server version for the right syntax to use near ' '2016-08-23', 1)' at line 1
[2016-08-23 10:51 UTC] Error: INSERT INTO freedirectconnections (userId, date, isUsed) VALUES (, '2016-08-23', 1) : You have an error in your SQL syntax; check the manual that corresponds to your MySQL server version for the right syntax to use near ' '2016-08-23', 1)' at line 1
[2016-08-23 10:51 UTC] Error: INSERT INTO freedirectconnections (userId, date, isUsed) VALUES (, '2016-08-23', 1) : You have an error in your SQL syntax; check the manual that corresponds to your MySQL server version for the right syntax to use near ' '2016-08-23', 1)' at line 1
[2016-08-23 10:51 UTC] Error: INSERT INTO freedirectconnections (userId, date, isUsed) VALUES (, '2016-08-23', 1) : You have an error in your SQL syntax; check the manual that corresponds to your MySQL server version for the right syntax to use near ' '2016-08-23', 1)' at line 1
[2016-09-10 00:31 UTC] Error: INSERT INTO packages (userId, buyDate, packageStartDate, packageEndDate, todayDate, 
			packageType, connenctionsForToday) VALUES (, '2016-09-10', '2016-09-10', '2016-09-10', '2016-09-10',
				1, (1 * 30)) : You have an error in your SQL syntax; check the manual that corresponds to your MySQL server version for the right syntax to use near ' '2016-09-10', '2016-09-10', '2016-09-10', '2016-09-10',
				1, (1 * 30))' at line 2
[2016-09-10 10:52 UTC] Error: INSERT INTO packages (userId, buyDate, packageStartDate, packageEndDate, todayDate, 
			packageType, connenctionsForToday) VALUES (, '2016-09-10', '2016-09-10', '2016-09-10', '2016-09-10',
				1, (1 * 30)) : You have an error in your SQL syntax; check the manual that corresponds to your MySQL server version for the right syntax to use near ' '2016-09-10', '2016-09-10', '2016-09-10', '2016-09-10',
				1, (1 * 30))' at line 2
[2016-09-18 07:19 UTC] Error: INSERT INTO freedirectconnections (userId, date, isUsed) VALUES (, '2016-09-18', 1) : You have an error in your SQL syntax; check the manual that corresponds to your MySQL server version for the right syntax to use near ' '2016-09-18', 1)' at line 1
[2016-09-18 07:19 UTC] Error: INSERT INTO freedirectconnections (userId, date, isUsed) VALUES (, '2016-09-18', 1) : You have an error in your SQL syntax; check the manual that corresponds to your MySQL server version for the right syntax to use near ' '2016-09-18', 1)' at line 1
[2016-09-21 11:48 UTC] Error: INSERT INTO freedirectconnections (userId, date, isUsed) VALUES (, '2016-09-21', 1) : You have an error in your SQL syntax; check the manual that corresponds to your MySQL server version for the right syntax to use near ' '2016-09-21', 1)' at line 1
[2016-09-21 11:48 UTC] Error: INSERT INTO freedirectconnections (userId, date, isUsed) VALUES (, '2016-09-21', 1) : You have an error in your SQL syntax; check the manual that corresponds to your MySQL server version for the right syntax to use near ' '2016-09-21', 1)' at line 1
[2016-09-21 11:48 UTC] Error: INSERT INTO freedirectconnections (userId, date, isUsed) VALUES (, '2016-09-21', 1) : You have an error in your SQL syntax; check the manual that corresponds to your MySQL server version for the right syntax to use near ' '2016-09-21', 1)' at line 1
[2016-09-21 12:12 UTC] Error: INSERT INTO freedirectconnections (userId, date, isUsed) VALUES (, '2016-09-21', 1) : You have an error in your SQL syntax; check the manual that corresponds to your MySQL server version for the right syntax to use near ' '2016-09-21', 1)' at line 1
[2016-09-21 12:12 UTC] Error: INSERT INTO freedirectconnections (userId, date, isUsed) VALUES (, '2016-09-21', 1) : You have an error in your SQL syntax; check the manual that corresponds to your MySQL server version for the right syntax to use near ' '2016-09-21', 1)' at line 1
[2016-09-21 12:12 UTC] Error: INSERT INTO freedirectconnections (userId, date, isUsed) VALUES (, '2016-09-21', 1) : You have an error in your SQL syntax; check the manual that corresponds to your MySQL server version for the right syntax to use near ' '2016-09-21', 1)' at line 1
[2016-09-21 12:12 UTC] Error: INSERT INTO freedirectconnections (userId, date, isUsed) VALUES (, '2016-09-21', 1) : You have an error in your SQL syntax; check the manual that corresponds to your MySQL server version for the right syntax to use near ' '2016-09-21', 1)' at line 1
[2016-09-21 12:12 UTC] Error: INSERT INTO freedirectconnections (userId, date, isUsed) VALUES (, '2016-09-21', 1) : You have an error in your SQL syntax; check the manual that corresponds to your MySQL server version for the right syntax to use near ' '2016-09-21', 1)' at line 1
[2016-09-21 12:12 UTC] Error: INSERT INTO freedirectconnections (userId, date, isUsed) VALUES (, '2016-09-21', 1) : You have an error in your SQL syntax; check the manual that corresponds to your MySQL server version for the right syntax to use near ' '2016-09-21', 1)' at line 1
[2016-09-21 12:12 UTC] Error: INSERT INTO freedirectconnections (userId, date, isUsed) VALUES (, '2016-09-21', 1) : You have an error in your SQL syntax; check the manual that corresponds to your MySQL server version for the right syntax to use near ' '2016-09-21', 1)' at line 1
[2016-09-21 12:12 UTC] Error: INSERT INTO freedirectconnections (userId, date, isUsed) VALUES (, '2016-09-21', 1) : You have an error in your SQL syntax; check the manual that corresponds to your MySQL server version for the right syntax to use near ' '2016-09-21', 1)' at line 1
[2016-09-21 12:12 UTC] Error: INSERT INTO freedirectconnections (userId, date, isUsed) VALUES (, '2016-09-21', 1) : You have an error in your SQL syntax; check the manual that corresponds to your MySQL server version for the right syntax to use near ' '2016-09-21', 1)' at line 1
[2016-09-21 12:12 UTC] Error: INSERT INTO freedirectconnections (userId, date, isUsed) VALUES (, '2016-09-21', 1) : You have an error in your SQL syntax; check the manual that corresponds to your MySQL server version for the right syntax to use near ' '2016-09-21', 1)' at line 1
[2016-09-21 12:12 UTC] Error: INSERT INTO freedirectconnections (userId, date, isUsed) VALUES (, '2016-09-21', 1) : You have an error in your SQL syntax; check the manual that corresponds to your MySQL server version for the right syntax to use near ' '2016-09-21', 1)' at line 1
[2016-09-21 12:12 UTC] Error: INSERT INTO freedirectconnections (userId, date, isUsed) VALUES (, '2016-09-21', 1) : You have an error in your SQL syntax; check the manual that corresponds to your MySQL server version for the right syntax to use near ' '2016-09-21', 1)' at line 1
[2016-09-21 12:12 UTC] Error: INSERT INTO freedirectconnections (userId, date, isUsed) VALUES (, '2016-09-21', 1) : You have an error in your SQL syntax; check the manual that corresponds to your MySQL server version for the right syntax to use near ' '2016-09-21', 1)' at line 1
[2016-09-21 12:12 UTC] Error: INSERT INTO freedirectconnections (userId, date, isUsed) VALUES (, '2016-09-21', 1) : You have an error in your SQL syntax; check the manual that corresponds to your MySQL server version for the right syntax to use near ' '2016-09-21', 1)' at line 1
[2016-09-21 12:12 UTC] Error: INSERT INTO freedirectconnections (userId, date, isUsed) VALUES (, '2016-09-21', 1) : You have an error in your SQL syntax; check the manual that corresponds to your MySQL server version for the right syntax to use near ' '2016-09-21', 1)' at line 1
[2016-09-21 12:12 UTC] Error: INSERT INTO freedirectconnections (userId, date, isUsed) VALUES (, '2016-09-21', 1) : You have an error in your SQL syntax; check the manual that corresponds to your MySQL server version for the right syntax to use near ' '2016-09-21', 1)' at line 1
[2016-09-21 12:12 UTC] Error: INSERT INTO freedirectconnections (userId, date, isUsed) VALUES (, '2016-09-21', 1) : You have an error in your SQL syntax; check the manual that corresponds to your MySQL server version for the right syntax to use near ' '2016-09-21', 1)' at line 1
[2016-09-21 12:12 UTC] Error: INSERT INTO freedirectconnections (userId, date, isUsed) VALUES (, '2016-09-21', 1) : You have an error in your SQL syntax; check the manual that corresponds to your MySQL server version for the right syntax to use near ' '2016-09-21', 1)' at line 1
[2016-09-21 12:13 UTC] Error: INSERT INTO freedirectconnections (userId, date, isUsed) VALUES (, '2016-09-21', 1) : You have an error in your SQL syntax; check the manual that corresponds to your MySQL server version for the right syntax to use near ' '2016-09-21', 1)' at line 1
[2016-09-21 12:13 UTC] Error: INSERT INTO freedirectconnections (userId, date, isUsed) VALUES (, '2016-09-21', 1) : You have an error in your SQL syntax; check the manual that corresponds to your MySQL server version for the right syntax to use near ' '2016-09-21', 1)' at line 1
[2016-09-21 12:13 UTC] Error: INSERT INTO freedirectconnections (userId, date, isUsed) VALUES (, '2016-09-21', 1) : You have an error in your SQL syntax; check the manual that corresponds to your MySQL server version for the right syntax to use near ' '2016-09-21', 1)' at line 1
[2016-09-21 12:13 UTC] Error: INSERT INTO freedirectconnections (userId, date, isUsed) VALUES (, '2016-09-21', 1) : You have an error in your SQL syntax; check the manual that corresponds to your MySQL server version for the right syntax to use near ' '2016-09-21', 1)' at line 1
[2016-09-21 12:13 UTC] Error: INSERT INTO freedirectconnections (userId, date, isUsed) VALUES (, '2016-09-21', 1) : You have an error in your SQL syntax; check the manual that corresponds to your MySQL server version for the right syntax to use near ' '2016-09-21', 1)' at line 1
[2016-09-21 12:13 UTC] Error: INSERT INTO freedirectconnections (userId, date, isUsed) VALUES (, '2016-09-21', 1) : You have an error in your SQL syntax; check the manual that corresponds to your MySQL server version for the right syntax to use near ' '2016-09-21', 1)' at line 1
[2016-09-21 12:13 UTC] Error: INSERT INTO freedirectconnections (userId, date, isUsed) VALUES (, '2016-09-21', 1) : You have an error in your SQL syntax; check the manual that corresponds to your MySQL server version for the right syntax to use near ' '2016-09-21', 1)' at line 1
[2016-09-21 12:13 UTC] Error: INSERT INTO freedirectconnections (userId, date, isUsed) VALUES (, '2016-09-21', 1) : You have an error in your SQL syntax; check the manual that corresponds to your MySQL server version for the right syntax to use near ' '2016-09-21', 1)' at line 1
[2016-09-21 12:13 UTC] Error: INSERT INTO freedirectconnections (userId, date, isUsed) VALUES (, '2016-09-21', 1) : You have an error in your SQL syntax; check the manual that corresponds to your MySQL server version for the right syntax to use near ' '2016-09-21', 1)' at line 1
[2016-09-21 12:13 UTC] Error: INSERT INTO freedirectconnections (userId, date, isUsed) VALUES (, '2016-09-21', 1) : You have an error in your SQL syntax; check the manual that corresponds to your MySQL server version for the right syntax to use near ' '2016-09-21', 1)' at line 1
[2016-09-21 12:13 UTC] Error: INSERT INTO freedirectconnections (userId, date, isUsed) VALUES (, '2016-09-21', 1) : You have an error in your SQL syntax; check the manual that corresponds to your MySQL server version for the right syntax to use near ' '2016-09-21', 1)' at line 1
[2016-09-21 12:13 UTC] Error: INSERT INTO freedirectconnections (userId, date, isUsed) VALUES (, '2016-09-21', 1) : You have an error in your SQL syntax; check the manual that corresponds to your MySQL server version for the right syntax to use near ' '2016-09-21', 1)' at line 1
[2016-09-21 12:13 UTC] Error: INSERT INTO freedirectconnections (userId, date, isUsed) VALUES (, '2016-09-21', 1) : You have an error in your SQL syntax; check the manual that corresponds to your MySQL server version for the right syntax to use near ' '2016-09-21', 1)' at line 1
[2016-09-21 12:13 UTC] Error: INSERT INTO freedirectconnections (userId, date, isUsed) VALUES (, '2016-09-21', 1) : You have an error in your SQL syntax; check the manual that corresponds to your MySQL server version for the right syntax to use near ' '2016-09-21', 1)' at line 1
[2016-09-21 12:13 UTC] Error: INSERT INTO freedirectconnections (userId, date, isUsed) VALUES (, '2016-09-21', 1) : You have an error in your SQL syntax; check the manual that corresponds to your MySQL server version for the right syntax to use near ' '2016-09-21', 1)' at line 1
[2016-09-21 12:13 UTC] Error: INSERT INTO freedirectconnections (userId, date, isUsed) VALUES (, '2016-09-21', 1) : You have an error in your SQL syntax; check the manual that corresponds to your MySQL server version for the right syntax to use near ' '2016-09-21', 1)' at line 1
[2016-09-21 12:13 UTC] Error: INSERT INTO freedirectconnections (userId, date, isUsed) VALUES (, '2016-09-21', 1) : You have an error in your SQL syntax; check the manual that corresponds to your MySQL server version for the right syntax to use near ' '2016-09-21', 1)' at line 1
[2016-09-21 12:13 UTC] Error: INSERT INTO freedirectconnections (userId, date, isUsed) VALUES (, '2016-09-21', 1) : You have an error in your SQL syntax; check the manual that corresponds to your MySQL server version for the right syntax to use near ' '2016-09-21', 1)' at line 1
[2016-09-21 12:13 UTC] Error: INSERT INTO freedirectconnections (userId, date, isUsed) VALUES (, '2016-09-21', 1) : You have an error in your SQL syntax; check the manual that corresponds to your MySQL server version for the right syntax to use near ' '2016-09-21', 1)' at line 1
[2016-09-21 12:13 UTC] Error: INSERT INTO freedirectconnections (userId, date, isUsed) VALUES (, '2016-09-21', 1) : You have an error in your SQL syntax; check the manual that corresponds to your MySQL server version for the right syntax to use near ' '2016-09-21', 1)' at line 1
[2016-09-21 12:13 UTC] Error: INSERT INTO freedirectconnections (userId, date, isUsed) VALUES (, '2016-09-21', 1) : You have an error in your SQL syntax; check the manual that corresponds to your MySQL server version for the right syntax to use near ' '2016-09-21', 1)' at line 1
[2016-09-21 12:13 UTC] Error: INSERT INTO freedirectconnections (userId, date, isUsed) VALUES (, '2016-09-21', 1) : You have an error in your SQL syntax; check the manual that corresponds to your MySQL server version for the right syntax to use near ' '2016-09-21', 1)' at line 1
[2016-09-21 12:13 UTC] Error: INSERT INTO freedirectconnections (userId, date, isUsed) VALUES (, '2016-09-21', 1) : You have an error in your SQL syntax; check the manual that corresponds to your MySQL server version for the right syntax to use near ' '2016-09-21', 1)' at line 1
[2016-09-21 12:13 UTC] Error: INSERT INTO freedirectconnections (userId, date, isUsed) VALUES (, '2016-09-21', 1) : You have an error in your SQL syntax; check the manual that corresponds to your MySQL server version for the right syntax to use near ' '2016-09-21', 1)' at line 1
[2016-09-21 12:13 UTC] Error: INSERT INTO freedirectconnections (userId, date, isUsed) VALUES (, '2016-09-21', 1) : You have an error in your SQL syntax; check the manual that corresponds to your MySQL server version for the right syntax to use near ' '2016-09-21', 1)' at line 1
[2016-09-21 12:13 UTC] Error: INSERT INTO freedirectconnections (userId, date, isUsed) VALUES (, '2016-09-21', 1) : You have an error in your SQL syntax; check the manual that corresponds to your MySQL server version for the right syntax to use near ' '2016-09-21', 1)' at line 1
[2016-09-21 12:13 UTC] Error: INSERT INTO freedirectconnections (userId, date, isUsed) VALUES (, '2016-09-21', 1) : You have an error in your SQL syntax; check the manual that corresponds to your MySQL server version for the right syntax to use near ' '2016-09-21', 1)' at line 1
[2016-09-21 12:13 UTC] Error: INSERT INTO freedirectconnections (userId, date, isUsed) VALUES (, '2016-09-21', 1) : You have an error in your SQL syntax; check the manual that corresponds to your MySQL server version for the right syntax to use near ' '2016-09-21', 1)' at line 1
[2016-09-21 12:13 UTC] Error: INSERT INTO freedirectconnections (userId, date, isUsed) VALUES (, '2016-09-21', 1) : You have an error in your SQL syntax; check the manual that corresponds to your MySQL server version for the right syntax to use near ' '2016-09-21', 1)' at line 1
[2016-09-21 12:13 UTC] Error: INSERT INTO freedirectconnections (userId, date, isUsed) VALUES (, '2016-09-21', 1) : You have an error in your SQL syntax; check the manual that corresponds to your MySQL server version for the right syntax to use near ' '2016-09-21', 1)' at line 1
[2016-09-21 12:13 UTC] Error: INSERT INTO freedirectconnections (userId, date, isUsed) VALUES (, '2016-09-21', 1) : You have an error in your SQL syntax; check the manual that corresponds to your MySQL server version for the right syntax to use near ' '2016-09-21', 1)' at line 1
[2016-09-21 12:13 UTC] Error: INSERT INTO freedirectconnections (userId, date, isUsed) VALUES (, '2016-09-21', 1) : You have an error in your SQL syntax; check the manual that corresponds to your MySQL server version for the right syntax to use near ' '2016-09-21', 1)' at line 1
[2016-09-21 12:13 UTC] Error: INSERT INTO freedirectconnections (userId, date, isUsed) VALUES (, '2016-09-21', 1) : You have an error in your SQL syntax; check the manual that corresponds to your MySQL server version for the right syntax to use near ' '2016-09-21', 1)' at line 1
[2016-09-21 12:13 UTC] Error: INSERT INTO freedirectconnections (userId, date, isUsed) VALUES (, '2016-09-21', 1) : You have an error in your SQL syntax; check the manual that corresponds to your MySQL server version for the right syntax to use near ' '2016-09-21', 1)' at line 1
[2016-09-21 12:13 UTC] Error: INSERT INTO freedirectconnections (userId, date, isUsed) VALUES (, '2016-09-21', 1) : You have an error in your SQL syntax; check the manual that corresponds to your MySQL server version for the right syntax to use near ' '2016-09-21', 1)' at line 1
[2016-09-21 12:13 UTC] Error: INSERT INTO freedirectconnections (userId, date, isUsed) VALUES (, '2016-09-21', 1) : You have an error in your SQL syntax; check the manual that corresponds to your MySQL server version for the right syntax to use near ' '2016-09-21', 1)' at line 1
[2016-09-21 12:13 UTC] Error: INSERT INTO freedirectconnections (userId, date, isUsed) VALUES (, '2016-09-21', 1) : You have an error in your SQL syntax; check the manual that corresponds to your MySQL server version for the right syntax to use near ' '2016-09-21', 1)' at line 1
[2016-09-21 12:13 UTC] Error: INSERT INTO freedirectconnections (userId, date, isUsed) VALUES (, '2016-09-21', 1) : You have an error in your SQL syntax; check the manual that corresponds to your MySQL server version for the right syntax to use near ' '2016-09-21', 1)' at line 1
[2016-09-21 12:13 UTC] Error: INSERT INTO freedirectconnections (userId, date, isUsed) VALUES (, '2016-09-21', 1) : You have an error in your SQL syntax; check the manual that corresponds to your MySQL server version for the right syntax to use near ' '2016-09-21', 1)' at line 1
[2016-09-21 12:13 UTC] Error: INSERT INTO freedirectconnections (userId, date, isUsed) VALUES (, '2016-09-21', 1) : You have an error in your SQL syntax; check the manual that corresponds to your MySQL server version for the right syntax to use near ' '2016-09-21', 1)' at line 1
[2016-09-21 12:13 UTC] Error: INSERT INTO freedirectconnections (userId, date, isUsed) VALUES (, '2016-09-21', 1) : You have an error in your SQL syntax; check the manual that corresponds to your MySQL server version for the right syntax to use near ' '2016-09-21', 1)' at line 1
[2016-09-21 12:13 UTC] Error: INSERT INTO freedirectconnections (userId, date, isUsed) VALUES (, '2016-09-21', 1) : You have an error in your SQL syntax; check the manual that corresponds to your MySQL server version for the right syntax to use near ' '2016-09-21', 1)' at line 1
[2016-09-21 12:13 UTC] Error: INSERT INTO freedirectconnections (userId, date, isUsed) VALUES (, '2016-09-21', 1) : You have an error in your SQL syntax; check the manual that corresponds to your MySQL server version for the right syntax to use near ' '2016-09-21', 1)' at line 1
[2016-09-21 12:13 UTC] Error: INSERT INTO freedirectconnections (userId, date, isUsed) VALUES (, '2016-09-21', 1) : You have an error in your SQL syntax; check the manual that corresponds to your MySQL server version for the right syntax to use near ' '2016-09-21', 1)' at line 1
[2016-09-21 12:13 UTC] Error: INSERT INTO freedirectconnections (userId, date, isUsed) VALUES (, '2016-09-21', 1) : You have an error in your SQL syntax; check the manual that corresponds to your MySQL server version for the right syntax to use near ' '2016-09-21', 1)' at line 1
[2016-09-21 12:13 UTC] Error: INSERT INTO freedirectconnections (userId, date, isUsed) VALUES (, '2016-09-21', 1) : You have an error in your SQL syntax; check the manual that corresponds to your MySQL server version for the right syntax to use near ' '2016-09-21', 1)' at line 1
[2016-09-21 12:13 UTC] Error: INSERT INTO freedirectconnections (userId, date, isUsed) VALUES (, '2016-09-21', 1) : You have an error in your SQL syntax; check the manual that corresponds to your MySQL server version for the right syntax to use near ' '2016-09-21', 1)' at line 1
[2016-09-21 12:13 UTC] Error: INSERT INTO freedirectconnections (userId, date, isUsed) VALUES (, '2016-09-21', 1) : You have an error in your SQL syntax; check the manual that corresponds to your MySQL server version for the right syntax to use near ' '2016-09-21', 1)' at line 1
[2016-09-21 12:13 UTC] Error: INSERT INTO freedirectconnections (userId, date, isUsed) VALUES (, '2016-09-21', 1) : You have an error in your SQL syntax; check the manual that corresponds to your MySQL server version for the right syntax to use near ' '2016-09-21', 1)' at line 1
[2016-09-21 12:13 UTC] Error: INSERT INTO freedirectconnections (userId, date, isUsed) VALUES (, '2016-09-21', 1) : You have an error in your SQL syntax; check the manual that corresponds to your MySQL server version for the right syntax to use near ' '2016-09-21', 1)' at line 1
[2016-09-21 12:13 UTC] Error: INSERT INTO freedirectconnections (userId, date, isUsed) VALUES (, '2016-09-21', 1) : You have an error in your SQL syntax; check the manual that corresponds to your MySQL server version for the right syntax to use near ' '2016-09-21', 1)' at line 1
[2016-09-21 12:13 UTC] Error: INSERT INTO freedirectconnections (userId, date, isUsed) VALUES (, '2016-09-21', 1) : You have an error in your SQL syntax; check the manual that corresponds to your MySQL server version for the right syntax to use near ' '2016-09-21', 1)' at line 1
[2016-09-21 12:13 UTC] Error: INSERT INTO freedirectconnections (userId, date, isUsed) VALUES (, '2016-09-21', 1) : You have an error in your SQL syntax; check the manual that corresponds to your MySQL server version for the right syntax to use near ' '2016-09-21', 1)' at line 1
[2016-09-21 12:13 UTC] Error: INSERT INTO freedirectconnections (userId, date, isUsed) VALUES (, '2016-09-21', 1) : You have an error in your SQL syntax; check the manual that corresponds to your MySQL server version for the right syntax to use near ' '2016-09-21', 1)' at line 1
[2016-09-21 12:13 UTC] Error: INSERT INTO freedirectconnections (userId, date, isUsed) VALUES (, '2016-09-21', 1) : You have an error in your SQL syntax; check the manual that corresponds to your MySQL server version for the right syntax to use near ' '2016-09-21', 1)' at line 1
[2016-09-21 12:13 UTC] Error: INSERT INTO freedirectconnections (userId, date, isUsed) VALUES (, '2016-09-21', 1) : You have an error in your SQL syntax; check the manual that corresponds to your MySQL server version for the right syntax to use near ' '2016-09-21', 1)' at line 1
[2016-09-21 12:13 UTC] Error: INSERT INTO freedirectconnections (userId, date, isUsed) VALUES (, '2016-09-21', 1) : You have an error in your SQL syntax; check the manual that corresponds to your MySQL server version for the right syntax to use near ' '2016-09-21', 1)' at line 1
[2016-09-21 12:13 UTC] Error: INSERT INTO freedirectconnections (userId, date, isUsed) VALUES (, '2016-09-21', 1) : You have an error in your SQL syntax; check the manual that corresponds to your MySQL server version for the right syntax to use near ' '2016-09-21', 1)' at line 1
[2016-09-21 12:13 UTC] Error: INSERT INTO freedirectconnections (userId, date, isUsed) VALUES (, '2016-09-21', 1) : You have an error in your SQL syntax; check the manual that corresponds to your MySQL server version for the right syntax to use near ' '2016-09-21', 1)' at line 1
[2016-09-21 12:13 UTC] Error: INSERT INTO freedirectconnections (userId, date, isUsed) VALUES (, '2016-09-21', 1) : You have an error in your SQL syntax; check the manual that corresponds to your MySQL server version for the right syntax to use near ' '2016-09-21', 1)' at line 1
[2016-09-21 12:13 UTC] Error: INSERT INTO freedirectconnections (userId, date, isUsed) VALUES (, '2016-09-21', 1) : You have an error in your SQL syntax; check the manual that corresponds to your MySQL server version for the right syntax to use near ' '2016-09-21', 1)' at line 1
[2016-09-21 12:13 UTC] Error: INSERT INTO freedirectconnections (userId, date, isUsed) VALUES (, '2016-09-21', 1) : You have an error in your SQL syntax; check the manual that corresponds to your MySQL server version for the right syntax to use near ' '2016-09-21', 1)' at line 1
[2016-09-21 12:13 UTC] Error: INSERT INTO freedirectconnections (userId, date, isUsed) VALUES (, '2016-09-21', 1) : You have an error in your SQL syntax; check the manual that corresponds to your MySQL server version for the right syntax to use near ' '2016-09-21', 1)' at line 1
[2016-09-21 12:13 UTC] Error: INSERT INTO freedirectconnections (userId, date, isUsed) VALUES (, '2016-09-21', 1) : You have an error in your SQL syntax; check the manual that corresponds to your MySQL server version for the right syntax to use near ' '2016-09-21', 1)' at line 1
[2016-09-21 12:13 UTC] Error: INSERT INTO freedirectconnections (userId, date, isUsed) VALUES (, '2016-09-21', 1) : You have an error in your SQL syntax; check the manual that corresponds to your MySQL server version for the right syntax to use near ' '2016-09-21', 1)' at line 1
[2016-09-21 12:13 UTC] Error: INSERT INTO freedirectconnections (userId, date, isUsed) VALUES (, '2016-09-21', 1) : You have an error in your SQL syntax; check the manual that corresponds to your MySQL server version for the right syntax to use near ' '2016-09-21', 1)' at line 1
[2016-09-21 12:13 UTC] Error: INSERT INTO freedirectconnections (userId, date, isUsed) VALUES (, '2016-09-21', 1) : You have an error in your SQL syntax; check the manual that corresponds to your MySQL server version for the right syntax to use near ' '2016-09-21', 1)' at line 1
[2016-09-21 12:13 UTC] Error: INSERT INTO freedirectconnections (userId, date, isUsed) VALUES (, '2016-09-21', 1) : You have an error in your SQL syntax; check the manual that corresponds to your MySQL server version for the right syntax to use near ' '2016-09-21', 1)' at line 1
[2016-09-21 12:13 UTC] Error: INSERT INTO freedirectconnections (userId, date, isUsed) VALUES (, '2016-09-21', 1) : You have an error in your SQL syntax; check the manual that corresponds to your MySQL server version for the right syntax to use near ' '2016-09-21', 1)' at line 1
[2016-09-21 12:13 UTC] Error: INSERT INTO freedirectconnections (userId, date, isUsed) VALUES (, '2016-09-21', 1) : You have an error in your SQL syntax; check the manual that corresponds to your MySQL server version for the right syntax to use near ' '2016-09-21', 1)' at line 1
[2016-09-21 12:13 UTC] Error: INSERT INTO freedirectconnections (userId, date, isUsed) VALUES (, '2016-09-21', 1) : You have an error in your SQL syntax; check the manual that corresponds to your MySQL server version for the right syntax to use near ' '2016-09-21', 1)' at line 1
[2016-09-21 12:13 UTC] Error: INSERT INTO freedirectconnections (userId, date, isUsed) VALUES (, '2016-09-21', 1) : You have an error in your SQL syntax; check the manual that corresponds to your MySQL server version for the right syntax to use near ' '2016-09-21', 1)' at line 1
[2016-09-21 12:13 UTC] Error: INSERT INTO freedirectconnections (userId, date, isUsed) VALUES (, '2016-09-21', 1) : You have an error in your SQL syntax; check the manual that corresponds to your MySQL server version for the right syntax to use near ' '2016-09-21', 1)' at line 1
[2016-09-21 12:13 UTC] Error: INSERT INTO freedirectconnections (userId, date, isUsed) VALUES (, '2016-09-21', 1) : You have an error in your SQL syntax; check the manual that corresponds to your MySQL server version for the right syntax to use near ' '2016-09-21', 1)' at line 1
[2016-09-21 12:13 UTC] Error: INSERT INTO freedirectconnections (userId, date, isUsed) VALUES (, '2016-09-21', 1) : You have an error in your SQL syntax; check the manual that corresponds to your MySQL server version for the right syntax to use near ' '2016-09-21', 1)' at line 1
[2016-09-21 12:13 UTC] Error: INSERT INTO freedirectconnections (userId, date, isUsed) VALUES (, '2016-09-21', 1) : You have an error in your SQL syntax; check the manual that corresponds to your MySQL server version for the right syntax to use near ' '2016-09-21', 1)' at line 1
[2016-09-21 12:13 UTC] Error: INSERT INTO freedirectconnections (userId, date, isUsed) VALUES (, '2016-09-21', 1) : You have an error in your SQL syntax; check the manual that corresponds to your MySQL server version for the right syntax to use near ' '2016-09-21', 1)' at line 1
[2016-09-21 12:13 UTC] Error: INSERT INTO freedirectconnections (userId, date, isUsed) VALUES (, '2016-09-21', 1) : You have an error in your SQL syntax; check the manual that corresponds to your MySQL server version for the right syntax to use near ' '2016-09-21', 1)' at line 1
[2016-09-21 12:13 UTC] Error: INSERT INTO freedirectconnections (userId, date, isUsed) VALUES (, '2016-09-21', 1) : You have an error in your SQL syntax; check the manual that corresponds to your MySQL server version for the right syntax to use near ' '2016-09-21', 1)' at line 1
[2016-09-21 12:13 UTC] Error: INSERT INTO freedirectconnections (userId, date, isUsed) VALUES (, '2016-09-21', 1) : You have an error in your SQL syntax; check the manual that corresponds to your MySQL server version for the right syntax to use near ' '2016-09-21', 1)' at line 1
[2016-09-21 12:13 UTC] Error: INSERT INTO freedirectconnections (userId, date, isUsed) VALUES (, '2016-09-21', 1) : You have an error in your SQL syntax; check the manual that corresponds to your MySQL server version for the right syntax to use near ' '2016-09-21', 1)' at line 1
[2016-09-21 12:13 UTC] Error: INSERT INTO freedirectconnections (userId, date, isUsed) VALUES (, '2016-09-21', 1) : You have an error in your SQL syntax; check the manual that corresponds to your MySQL server version for the right syntax to use near ' '2016-09-21', 1)' at line 1
[2016-09-21 12:13 UTC] Error: INSERT INTO freedirectconnections (userId, date, isUsed) VALUES (, '2016-09-21', 1) : You have an error in your SQL syntax; check the manual that corresponds to your MySQL server version for the right syntax to use near ' '2016-09-21', 1)' at line 1
[2016-09-21 12:13 UTC] Error: INSERT INTO freedirectconnections (userId, date, isUsed) VALUES (, '2016-09-21', 1) : You have an error in your SQL syntax; check the manual that corresponds to your MySQL server version for the right syntax to use near ' '2016-09-21', 1)' at line 1
[2016-09-21 19:45 UTC] Error: INSERT INTO freedirectconnections (userId, date, isUsed) VALUES (, '2016-09-21', 1) : You have an error in your SQL syntax; check the manual that corresponds to your MySQL server version for the right syntax to use near ' '2016-09-21', 1)' at line 1
[2016-09-21 19:46 UTC] Error: INSERT INTO freedirectconnections (userId, date, isUsed) VALUES (, '2016-09-21', 1) : You have an error in your SQL syntax; check the manual that corresponds to your MySQL server version for the right syntax to use near ' '2016-09-21', 1)' at line 1
[2016-09-21 19:46 UTC] Error: INSERT INTO freedirectconnections (userId, date, isUsed) VALUES (, '2016-09-21', 1) : You have an error in your SQL syntax; check the manual that corresponds to your MySQL server version for the right syntax to use near ' '2016-09-21', 1)' at line 1
[2016-09-21 19:46 UTC] Error: INSERT INTO freedirectconnections (userId, date, isUsed) VALUES (, '2016-09-21', 1) : You have an error in your SQL syntax; check the manual that corresponds to your MySQL server version for the right syntax to use near ' '2016-09-21', 1)' at line 1
